<?xml version="1.0" encoding="UTF-8"?>
<testng-results ignored="0" total="3" passed="3" failed="0" skipped="0">
  <reporter-output>
  </reporter-output>
  <suite started-at="2024-04-12T18:39:52 IST" name="Practice Suite" finished-at="2024-04-12T18:39:52 IST" duration-ms="122">
    <groups>
    </groups>
    <test started-at="2024-04-12T18:39:52 IST" name="Test Basics 1" finished-at="2024-04-12T18:39:52 IST" duration-ms="122">
      <class name="qn3.qn3.CalculatorAppTest">
        <test-method signature="testAdd(java.lang.String,java.lang.String)[pri:0, instance:qn3.qn3.CalculatorAppTest@2c1b194a]" started-at="2024-04-12T18:39:52 IST" name="testAdd" finished-at="2024-04-12T18:39:52 IST" duration-ms="22" status="PASS">
          <params>
            <param index="0">
              <value>
                <![CDATA[10]]>
              </value>
            </param>
            <param index="1">
              <value>
                <![CDATA[5]]>
              </value>
            </param>
          </params>
          <reporter-output>
          </reporter-output>
        </test-method> <!-- testAdd -->
        <test-method signature="testMul(java.lang.String,java.lang.String)[pri:0, instance:qn3.qn3.CalculatorAppTest@2c1b194a]" started-at="2024-04-12T18:39:52 IST" name="testMul" finished-at="2024-04-12T18:39:52 IST" duration-ms="2" status="PASS">
          <params>
            <param index="0">
              <value>
                <![CDATA[10]]>
              </value>
            </param>
            <param index="1">
              <value>
                <![CDATA[5]]>
              </value>
            </param>
          </params>
          <reporter-output>
          </reporter-output>
        </test-method> <!-- testMul -->
        <test-method signature="testSub(java.lang.String,java.lang.String)[pri:0, instance:qn3.qn3.CalculatorAppTest@2c1b194a]" started-at="2024-04-12T18:39:52 IST" name="testSub" finished-at="2024-04-12T18:39:52 IST" duration-ms="2" status="PASS">
          <params>
            <param index="0">
              <value>
                <![CDATA[10]]>
              </value>
            </param>
            <param index="1">
              <value>
                <![CDATA[5]]>
              </value>
            </param>
          </params>
          <reporter-output>
          </reporter-output>
        </test-method> <!-- testSub -->
      </class> <!-- qn3.qn3.CalculatorAppTest -->
    </test> <!-- Test Basics 1 -->
  </suite> <!-- Practice Suite -->
</testng-results>
