<?xml version="1.0" encoding="UTF-8"?>
<!-- Generated by org.testng.reporters.JUnitXMLReporter -->
<testsuite ignored="0" hostname="DESKTOP-2GD0FUF" failures="0" tests="3" name="Test Basics 1" time="0.122" errors="0" timestamp="2024-04-12T18:39:52 IST">
  <testcase classname="qn3.qn3.CalculatorAppTest" name="testAdd" time="0.022"/>
  <testcase classname="qn3.qn3.CalculatorAppTest" name="testMul" time="0.002"/>
  <testcase classname="qn3.qn3.CalculatorAppTest" name="testSub" time="0.002"/>
</testsuite> <!-- Test Basics 1 -->
